MPASM  5.51                   UYGULAMA-48.ASM   11-19-2018  17:38:35         PAGE  1


LOC  OBJECT CODE     LINE SOURCE TEXT
  VALUE

                      00001         LIST P=16F877A
                      00002         #INCLUDE <P16F877A.INC>
                      00001         LIST
                      00002 
                      00003 ;==========================================================================
                      00004 ;  MPASM PIC16F877A processor include
                      00005 ; 
                      00006 ;  (c) Copyright 1999-2013 Microchip Technology, All rights reserved
                      00007 ;==========================================================================
                      00008 
                      00566         LIST
2007   3F31           00003         __CONFIG H'3F31'
Warning[207]: Found label after column 1. (SAYICI1)
  00000020            00004         SAYICI1 EQU 0X20
Warning[207]: Found label after column 1. (SAYICI2)
  00000021            00005         SAYICI2 EQU 0X21
Warning[207]: Found label after column 1. (SAYI)
  00000022            00006         SAYI EQU 0X22
0000                  00007         ORG 0X000
0000   2801           00008         GOTO ANA_METOT
                      00009 
0001                  00010 ANA_METOT
0001   1683 1303      00011         BANKSEL TRISA
0003   30FF           00012         MOVLW 0XFF
Message[302]: Register in operand not in bank 0.  Ensure that bank bits are correct.
0004   0085           00013         MOVWF TRISA
Message[302]: Register in operand not in bank 0.  Ensure that bank bits are correct.
0005   0186           00014         CLRF TRISB
Message[302]: Register in operand not in bank 0.  Ensure that bank bits are correct.
0006   0187           00015         CLRF TRISC
Message[302]: Register in operand not in bank 0.  Ensure that bank bits are correct.
0007   0188           00016         CLRF TRISD
                      00017         
0008   3000           00018         MOVLW B'00000000'       
Message[302]: Register in operand not in bank 0.  Ensure that bank bits are correct.
0009   009F           00019         MOVWF ADCON1
                      00020 
000A   1283 1303      00021         BANKSEL PORTA
000C   0186           00022         CLRF PORTB
000D   0187           00023         CLRF PORTC
000E   0188           00024         CLRF PORTD
                      00025 
000F   1283 1303      00026         BANKSEL ADCON0
0011   3081           00027         MOVLW B'10000001'
0012   009F           00028         MOVWF ADCON0
0013   2032           00029         CALL GECIKME
0014   1283 1303      00030         BANKSEL ADCON0
                      00031 
0016                  00032 DONUSTUR_METOT
0016   1283 1303      00033         BANKSEL ADCON0
0018   151F           00034         BSF ADCON0,GO
0019   2032           00035         CALL GECIKME
                      00036         ;BANKSEL ADCON0
MPASM  5.51                   UYGULAMA-48.ASM   11-19-2018  17:38:35         PAGE  2


LOC  OBJECT CODE     LINE SOURCE TEXT
  VALUE

                      00037 
001A                  00038 ANA_KONTROL
001A   191F           00039         BTFSC ADCON0,GO 
001B   281A           00040         GOTO ANA_KONTROL
001C   281D           00041         GOTO YAZDIR_METOT
                      00042 
001D                  00043 YAZDIR_METOT
001D   1683 1303      00044         BANKSEL ADRESL
Message[302]: Register in operand not in bank 0.  Ensure that bank bits are correct.
001F   081E           00045         MOVF ADRESL,W
0020   0087           00046         MOVWF PORTC
                      00047 
0021   1283 1303      00048         BANKSEL ADRESH
0023   081E           00049         MOVF ADRESH,W
0024   0086           00050         MOVWF PORTB
                      00051 
0025   0806           00052         MOVF PORTB,W
0026   3C99           00053         SUBLW D'153'
0027   1D03           00054         BTFSS STATUS,Z
0028   282E           00055         GOTO LED_SONDURME
0029   282A           00056         GOTO LED_YAKMA
                      00057 
                      00058 ;       GOTO DONUSTUR_METOT
                      00059 
002A                  00060 LED_YAKMA
002A   1408           00061         BSF PORTD,0
002B   2032           00062         CALL GECIKME
002C   2816           00063         GOTO DONUSTUR_METOT
002D   281A           00064         GOTO ANA_KONTROL
                      00065 
002E                  00066 LED_SONDURME
002E   1008           00067         BCF PORTD,0
002F   2032           00068         CALL GECIKME
0030   2816           00069         GOTO DONUSTUR_METOT
0031   281A           00070         GOTO ANA_KONTROL
                      00071 
0032                  00072 GECIKME
0032   30FF           00073         MOVLW 0XFF
0033   00A0           00074         MOVWF SAYICI1
                      00075 
0034                  00076 TEKRAR1
0034   30FF           00077         MOVLW 0XFF
0035   00A1           00078         MOVWF SAYICI2
                      00079 
0036                  00080 TEKRAR2
0036   0BA1           00081         DECFSZ SAYICI2,F
0037   2836           00082         GOTO TEKRAR2
0038   0BA0           00083         DECFSZ SAYICI1,F
0039   2834           00084         GOTO TEKRAR1
003A   0008           00085         RETURN
                      00086 
Warning[205]: Found directive in column 1. (END)
                      00087 END
MPASM  5.51                   UYGULAMA-48.ASM   11-19-2018  17:38:35         PAGE  3


SYMBOL TABLE
  LABEL                             VALUE 

ACKDT                             00000005
ACKEN                             00000004
ACKSTAT                           00000006
ADCON0                            0000001F
ADCON1                            0000009F
ADCS0                             00000006
ADCS1                             00000007
ADCS2                             00000006
ADDEN                             00000003
ADFM                              00000007
ADIE                              00000006
ADIF                              00000006
ADON                              00000000
ADRESH                            0000001E
ADRESL                            0000009E
ANA_KONTROL                       0000001A
ANA_METOT                         00000001
BCLIE                             00000003
BCLIF                             00000003
BF                                00000000
BRGH                              00000002
C                                 00000000
C1INV                             00000004
C1OUT                             00000006
C2INV                             00000005
C2OUT                             00000007
CCP1CON                           00000017
CCP1IE                            00000002
CCP1IF                            00000002
CCP1M0                            00000000
CCP1M1                            00000001
CCP1M2                            00000002
CCP1M3                            00000003
CCP1X                             00000005
CCP1Y                             00000004
CCP2CON                           0000001D
CCP2IE                            00000000
CCP2IF                            00000000
CCP2M0                            00000000
CCP2M1                            00000001
CCP2M2                            00000002
CCP2M3                            00000003
CCP2X                             00000005
CCP2Y                             00000004
CCPR1                             00000015
CCPR1H                            00000016
CCPR1L                            00000015
CCPR2                             0000001B
CCPR2H                            0000001C
CCPR2L                            0000001B
CHS0                              00000003
CHS1                              00000004
CHS2                              00000005
MPASM  5.51                   UYGULAMA-48.ASM   11-19-2018  17:38:35         PAGE  4


SYMBOL TABLE
  LABEL                             VALUE 

CIS                               00000003
CKE                               00000006
CKP                               00000004
CM0                               00000000
CM1                               00000001
CM2                               00000002
CMCON                             0000009C
CMIE                              00000006
CMIF                              00000006
CREN                              00000004
CSRC                              00000007
CVR0                              00000000
CVR1                              00000001
CVR2                              00000002
CVR3                              00000003
CVRCON                            0000009D
CVREN                             00000007
CVROE                             00000006
CVRR                              00000005
D                                 00000005
DATA_ADDRESS                      00000005
DC                                00000001
DONUSTUR_METOT                    00000016
D_A                               00000005
D_NOT_A                           00000005
EEADR                             0000010D
EEADRH                            0000010F
EECON1                            0000018C
EECON2                            0000018D
EEDATA                            0000010C
EEDATH                            0000010E
EEIE                              00000004
EEIF                              00000004
EEPGD                             00000007
F                                 00000001
FERR                              00000002
FSR                               00000004
GCEN                              00000007
GECIKME                           00000032
GIE                               00000007
GO                                00000002
GO_DONE                           00000002
GO_NOT_DONE                       00000002
I2C_DATA                          00000005
I2C_READ                          00000002
I2C_START                         00000003
I2C_STOP                          00000004
IBF                               00000007
IBOV                              00000005
INDF                              00000000
INTCON                            0000000B
INTE                              00000004
INTEDG                            00000006
MPASM  5.51                   UYGULAMA-48.ASM   11-19-2018  17:38:35         PAGE  5


SYMBOL TABLE
  LABEL                             VALUE 

INTF                              00000001
IRP                               00000007
LED_SONDURME                      0000002E
LED_YAKMA                         0000002A
NOT_A                             00000005
NOT_ADDRESS                       00000005
NOT_BO                            00000000
NOT_BOR                           00000000
NOT_DONE                          00000002
NOT_PD                            00000003
NOT_POR                           00000001
NOT_RBPU                          00000007
NOT_RC8                           00000006
NOT_T1SYNC                        00000002
NOT_TO                            00000004
NOT_TX8                           00000006
NOT_W                             00000002
NOT_WRITE                         00000002
OBF                               00000006
OERR                              00000001
OPTION_REG                        00000081
P                                 00000004
PCFG0                             00000000
PCFG1                             00000001
PCFG2                             00000002
PCFG3                             00000003
PCL                               00000002
PCLATH                            0000000A
PCON                              0000008E
PEIE                              00000006
PEN                               00000002
PIE1                              0000008C
PIE2                              0000008D
PIR1                              0000000C
PIR2                              0000000D
PORTA                             00000005
PORTB                             00000006
PORTC                             00000007
PORTD                             00000008
PORTE                             00000009
PR2                               00000092
PS0                               00000000
PS1                               00000001
PS2                               00000002
PSA                               00000003
PSPIE                             00000007
PSPIF                             00000007
PSPMODE                           00000004
R                                 00000002
RA0                               00000000
RA1                               00000001
RA2                               00000002
RA3                               00000003
MPASM  5.51                   UYGULAMA-48.ASM   11-19-2018  17:38:35         PAGE  6


SYMBOL TABLE
  LABEL                             VALUE 

RA4                               00000004
RA5                               00000005
RB0                               00000000
RB1                               00000001
RB2                               00000002
RB3                               00000003
RB4                               00000004
RB5                               00000005
RB6                               00000006
RB7                               00000007
RBIE                              00000003
RBIF                              00000000
RC0                               00000000
RC1                               00000001
RC2                               00000002
RC3                               00000003
RC4                               00000004
RC5                               00000005
RC6                               00000006
RC7                               00000007
RC8_9                             00000006
RC9                               00000006
RCD8                              00000000
RCEN                              00000003
RCIE                              00000005
RCIF                              00000005
RCREG                             0000001A
RCSTA                             00000018
RD                                00000000
RD0                               00000000
RD1                               00000001
RD2                               00000002
RD3                               00000003
RD4                               00000004
RD5                               00000005
RD6                               00000006
RD7                               00000007
RE0                               00000000
RE1                               00000001
RE2                               00000002
READ_WRITE                        00000002
RP0                               00000005
RP1                               00000006
RSEN                              00000001
RX9                               00000006
RX9D                              00000000
R_NOT_W                           00000002
R_W                               00000002
S                                 00000003
SAYI                              00000022
SAYICI1                           00000020
SAYICI2                           00000021
SEN                               00000000
MPASM  5.51                   UYGULAMA-48.ASM   11-19-2018  17:38:35         PAGE  7


SYMBOL TABLE
  LABEL                             VALUE 

SMP                               00000007
SPBRG                             00000099
SPEN                              00000007
SREN                              00000005
SSPADD                            00000093
SSPBUF                            00000013
SSPCON                            00000014
SSPCON2                           00000091
SSPEN                             00000005
SSPIE                             00000003
SSPIF                             00000003
SSPM0                             00000000
SSPM1                             00000001
SSPM2                             00000002
SSPM3                             00000003
SSPOV                             00000006
SSPSTAT                           00000094
STATUS                            00000003
SYNC                              00000004
T0CS                              00000005
T0IE                              00000005
T0IF                              00000002
T0SE                              00000004
T1CKPS0                           00000004
T1CKPS1                           00000005
T1CON                             00000010
T1INSYNC                          00000002
T1OSCEN                           00000003
T1SYNC                            00000002
T2CKPS0                           00000000
T2CKPS1                           00000001
T2CON                             00000012
TEKRAR1                           00000034
TEKRAR2                           00000036
TMR0                              00000001
TMR0IE                            00000005
TMR0IF                            00000002
TMR1                              0000000E
TMR1CS                            00000001
TMR1H                             0000000F
TMR1IE                            00000000
TMR1IF                            00000000
TMR1L                             0000000E
TMR1ON                            00000000
TMR2                              00000011
TMR2IE                            00000001
TMR2IF                            00000001
TMR2ON                            00000002
TOUTPS0                           00000003
TOUTPS1                           00000004
TOUTPS2                           00000005
TOUTPS3                           00000006
TRISA                             00000085
MPASM  5.51                   UYGULAMA-48.ASM   11-19-2018  17:38:35         PAGE  8


SYMBOL TABLE
  LABEL                             VALUE 

TRISA0                            00000000
TRISA1                            00000001
TRISA2                            00000002
TRISA3                            00000003
TRISA4                            00000004
TRISA5                            00000005
TRISB                             00000086
TRISB0                            00000000
TRISB1                            00000001
TRISB2                            00000002
TRISB3                            00000003
TRISB4                            00000004
TRISB5                            00000005
TRISB6                            00000006
TRISB7                            00000007
TRISC                             00000087
TRISC0                            00000000
TRISC1                            00000001
TRISC2                            00000002
TRISC3                            00000003
TRISC4                            00000004
TRISC5                            00000005
TRISC6                            00000006
TRISC7                            00000007
TRISD                             00000088
TRISD0                            00000000
TRISD1                            00000001
TRISD2                            00000002
TRISD3                            00000003
TRISD4                            00000004
TRISD5                            00000005
TRISD6                            00000006
TRISD7                            00000007
TRISE                             00000089
TRISE0                            00000000
TRISE1                            00000001
TRISE2                            00000002
TRMT                              00000001
TX8_9                             00000006
TX9                               00000006
TX9D                              00000000
TXD8                              00000000
TXEN                              00000005
TXIE                              00000004
TXIF                              00000004
TXREG                             00000019
TXSTA                             00000098
UA                                00000001
W                                 00000000
WCOL                              00000007
WR                                00000001
WREN                              00000002
WRERR                             00000003
MPASM  5.51                   UYGULAMA-48.ASM   11-19-2018  17:38:35         PAGE  9


SYMBOL TABLE
  LABEL                             VALUE 

YAZDIR_METOT                      0000001D
Z                                 00000002
_BODEN_OFF                        00003FBF
_BODEN_ON                         00003FFF
_BOREN_OFF                        00003FBF
_BOREN_ON                         00003FFF
_CONFIG                           00002007
_CPD_OFF                          00003FFF
_CPD_ON                           00003EFF
_CP_ALL                           00001FFF
_CP_OFF                           00003FFF
_CP_ON                            00001FFF
_DEBUG_OFF                        00003FFF
_DEBUG_ON                         000037FF
_DEVID1                           00002006
_FOSC_EXTRC                       00003FFF
_FOSC_HS                          00003FFE
_FOSC_LP                          00003FFC
_FOSC_XT                          00003FFD
_HS_OSC                           00003FFE
_IDLOC0                           00002000
_IDLOC1                           00002001
_IDLOC2                           00002002
_IDLOC3                           00002003
_LP_OSC                           00003FFC
_LVP_OFF                          00003F7F
_LVP_ON                           00003FFF
_PWRTE_OFF                        00003FFF
_PWRTE_ON                         00003FF7
_RC_OSC                           00003FFF
_WDTE_OFF                         00003FFB
_WDTE_ON                          00003FFF
_WDT_OFF                          00003FFB
_WDT_ON                           00003FFF
_WRT_1FOURTH                      00003BFF
_WRT_256                          00003DFF
_WRT_HALF                         000039FF
_WRT_OFF                          00003FFF
_XT_OSC                           00003FFD
__16F877A                         00000001


MEMORY USAGE MAP ('X' = Used,  '-' = Unused)

0000 : XXXXXXXXXXXXXXXX XXXXXXXXXXXXXXXX XXXXXXXXXXXXXXXX XXXXXXXXXXX-----
2000 : -------X-------- ---------------- ---------------- ----------------

All other memory blocks unused.

Program Memory Words Used:    59
Program Memory Words Free:  8133

MPASM  5.51                   UYGULAMA-48.ASM   11-19-2018  17:38:35         PAGE 10






Errors   :     0
Warnings :     4 reported,     0 suppressed
Messages :     6 reported,     0 suppressed

